GROUP,PACKAGE,CLASS,INSTRUCTION_MISSED,INSTRUCTION_COVERED,BRANCH_MISSED,BRANCH_COVERED,LINE_MISSED,LINE_COVERED,COMPLEXITY_MISSED,COMPLEXITY_COVERED,METHOD_MISSED,METHOD_COVERED
blog-service,com.blog.service.entity,User,295,3,54,0,6,1,43,1,16,1
blog-service,com.blog.service,BlogServiceApplication,5,7,0,0,2,2,1,2,1,2
blog-service,com.blog.service.rest,UserController,51,7,0,0,6,2,4,2,4,2
blog-service,com.blog.service.rest,ExceptionController,46,3,0,0,9,1,3,1,3,1
blog-service,com.blog.service.exception,UserNotFoundException,4,0,0,0,2,0,1,0,1,0
blog-service,com.blog.service.demo.serviceimpl,UserserviceImpl,190,7,4,0,30,2,12,2,10,2
blog-service,com.blog.service.dto,ErrorResponse,181,0,30,0,6,0,27,0,12,0
blog-service,com.blog.service.dto,UserDTO,298,0,54,0,7,0,44,0,17,0
